<?xml version="1.0" encoding="UTF-8"?>
<!-- Generated by org.testng.reporters.JUnitReportReporter -->
<testsuite skipped="0" hostname="HANDHELP-30266" name="runner.Runner" tests="1" failures="0" timestamp="2022-03-28T14:08:49 BRT" time="5.379" errors="0">
  <testcase name="runScenario" time="5.379" classname="runner.Runner"/>
  <system-out/>
</testsuite> <!-- runner.Runner -->
