<?xml version="1.0" encoding="UTF-8"?>
<!-- Generated by org.testng.reporters.JUnitReportReporter -->
<testsuite skipped="0" hostname="HANDHELP-30266" name="tricent.teste.runner.Runner" tests="1" failures="0" timestamp="2022-03-30T15:36:38 BRT" time="25.441" errors="0">
  <testcase name="runScenario" time="25.441" classname="tricent.teste.runner.Runner"/>
  <system-out/>
</testsuite> <!-- tricent.teste.runner.Runner -->
