<?xml version="1.0" encoding="UTF-8"?>
<!-- Generated by org.testng.reporters.JUnitReportReporter -->
<testsuite skipped="0" hostname="HANDHELP-30266" name="br.com.tricentis.runner.Runner" tests="1" failures="0" timestamp="2022-03-30T16:24:40 BRT" time="27.886" errors="0">
  <testcase name="runScenario" time="27.886" classname="br.com.tricentis.runner.Runner"/>
  <system-out/>
</testsuite> <!-- br.com.tricentis.runner.Runner -->
